<?xml version="1.0" encoding="UTF-8"?>
<testsuite xmlns:xsi="http://www.w3.org/2001/XMLSchema-instance" xsi:noNamespaceSchemaLocation="https://maven.apache.org/surefire/maven-surefire-plugin/xsd/surefire-test-report-3.0.xsd" version="3.0" name="edu.masseyuniversity.cinema.MovieTest" time="0.033" tests="10" errors="0" skipped="0" failures="0">
  <properties>
[...]
</properties>
  <testcase name="testMovieCategory" classname="edu.masseyuniversity.cinema.MovieTest" time="0.001"/>
  <testcase name="testRomanceMovieAgeRestriction" classname="edu.masseyuniversity.cinema.MovieTest" time="0.002"/>
  <testcase name="testSellTicket" classname="edu.masseyuniversity.cinema.MovieTest" time="0.001"/>
  <testcase name="testSciFiMovieFormat" classname="edu.masseyuniversity.cinema.MovieTest" time="0.001"/>
  <testcase name="testMovieCreation" classname="edu.masseyuniversity.cinema.MovieTest" time="0.001"/>
  <testcase name="testToFileString" classname="edu.masseyuniversity.cinema.MovieTest" time="0.002"/>
  <testcase name="testActionMovieStuntLevel" classname="edu.masseyuniversity.cinema.MovieTest" time="0.001"/>
  <testcase name="testMovieSetters" classname="edu.masseyuniversity.cinema.MovieTest" time="0.002"/>
  <testcase name="testExtraAttribute" classname="edu.masseyuniversity.cinema.MovieTest" time="0.001"/>
  <testcase name="testSellTicketWhenNoneAvailable" classname="edu.masseyuniversity.cinema.MovieTest" time="0.001"/>
</testsuite>